<?xml version="1.0" encoding="UTF-8"?>
<!-- Generated by org.testng.reporters.JUnitXMLReporter -->
<testsuite hostname="DESKTOP-7ASU8OI" name="Test" tests="2" failures="0" timestamp="25 Feb 2022 10:37:08 GMT" time="7.681" errors="0">
  <testcase name="@BeforeClass loginFunc" time="0.0" classname="Admin.Login_HRM">
    <failure type="java.io.IOException" message="Destination &amp;apos;C:\Users\Nitin\Pictures&amp;apos; directory cannot be created">
      <![CDATA[java.io.IOException: Destination 'C:\Users\Nitin\Pictures' directory cannot be created
	at org.apache.commons.io.FileUtils.copyFile(FileUtils.java:1070)
	at org.apache.commons.io.FileUtils.copyFile(FileUtils.java:1028)
	at Action.Action.screenShot(Action.java:59)
	at Admin.Login_HRM.loginFunc(Login_HRM.java:27)
... Removed 24 stack frames]]>
    </failure>
  </testcase> <!-- @BeforeClass loginFunc -->
  <testcase name="@AfterClass logout" time="0.0" classname="Admin.Login_HRM">
    <skipped/>
  </testcase> <!-- @AfterClass logout -->
  <testcase name="HRMfunc" time="0.002" classname="Admin.Login_HRM">
    <skipped/>
  </testcase> <!-- HRMfunc -->
  <testcase name="addJobTital" time="0.001" classname="Admin.Login_HRM">
    <skipped/>
  </testcase> <!-- addJobTital -->
</testsuite> <!-- Test -->
